● minidlna.service - LSB: minidlna server
   Loaded: loaded (/etc/init.d/minidlna; generated; vendor preset: enabled)
   Active: active (running) since Tue 2017-12-26 00:16:58 CET; 13h ago
     Docs: man:systemd-sysv-generator(8)
  Process: 799 ExecStop=/etc/init.d/minidlna stop (code=exited, status=0/SUCCESS)
  Process: 810 ExecStart=/etc/init.d/minidlna start (code=exited, status=0/SUCCESS)
   CGroup: /system.slice/minidlna.service
           └─821 /usr/sbin/minidlnad -f /etc/minidlna.conf -P /run/minidlna/minidlna.pid
● apache2.service - The Apache HTTP Server
   Loaded: loaded (/lib/systemd/system/apache2.service; enabled; vendor preset: enabled)
   Active: active (running) since Mon 2017-12-25 23:39:24 CET; 14h ago
  Process: 463 ExecStart=/usr/sbin/apachectl start (code=exited, status=0/SUCCESS)
 Main PID: 569 (apache2)
   CGroup: /system.slice/apache2.service
           ├─569 /usr/sbin/apache2 -k start
           ├─595 /usr/sbin/apache2 -k start
           ├─596 /usr/sbin/apache2 -k start
           ├─597 /usr/sbin/apache2 -k start
           ├─598 /usr/sbin/apache2 -k start
           ├─599 /usr/sbin/apache2 -k start
           ├─697 /usr/sbin/apache2 -k start
           └─698 /usr/sbin/apache2 -k start
● samba.service
   Loaded: masked (/dev/null; bad)
   Active: inactive (dead)
● mariadb.service - MariaDB database server
   Loaded: loaded (/lib/systemd/system/mariadb.service; enabled; vendor preset: enabled)
   Active: active (running) since Mon 2017-12-25 23:39:30 CET; 14h ago
  Process: 627 ExecStartPost=/bin/sh -c systemctl unset-environment _WSREP_START_POSITION (code=exited, status=0/SUCCESS)
  Process: 625 ExecStartPost=/etc/mysql/debian-start (code=exited, status=0/SUCCESS)
  Process: 497 ExecStartPre=/bin/sh -c [ ! -e /usr/bin/galera_recovery ] && VAR= ||   VAR=`/usr/bin/galera_recovery`; [ $? -eq 0 ]   && systemctl set-environment _WSREP_START_POSITION=$VAR || exit 1 (code=exited, status=0/SUCCESS)
  Process: 476 ExecStartPre=/bin/sh -c systemctl unset-environment _WSREP_START_POSITION (code=exited, status=0/SUCCESS)
  Process: 456 ExecStartPre=/usr/bin/install -m 755 -o mysql -g root -d /var/run/mysqld (code=exited, status=0/SUCCESS)
 Main PID: 591 (mysqld)
   Status: "Taking your SQL requests now..."
   CGroup: /system.slice/mariadb.service
           └─591 /usr/sbin/mysqld
● nmbd.service - Samba NMB Daemon
   Loaded: loaded (/lib/systemd/system/nmbd.service; enabled; vendor preset: enabled)
   Active: active (running) since Mon 2017-12-25 23:39:24 CET; 14h ago
     Docs: man:nmbd(8)
           man:samba(7)
           man:smb.conf(5)
 Main PID: 585 (nmbd)
   Status: "nmbd: ready to serve connections..."
   CGroup: /system.slice/nmbd.service
           └─585 /usr/sbin/nmbd
● smbd.service - Samba SMB Daemon
   Loaded: loaded (/lib/systemd/system/smbd.service; enabled; vendor preset: enabled)
   Active: active (running) since Mon 2017-12-25 23:39:30 CET; 14h ago
     Docs: man:smbd(8)
           man:samba(7)
           man:smb.conf(5)
 Main PID: 628 (smbd)
   Status: "smbd: ready to serve connections..."
   CGroup: /system.slice/smbd.service
           ├─628 /usr/sbin/smbd
           ├─629 /usr/sbin/smbd
           ├─630 /usr/sbin/smbd
           └─634 /usr/sbin/smbd
